#
# A fatal error has been detected by the Java Runtime Environment:
#
#  SIGSEGV (0xb) at pc=0x00000001414cf298, pid=41369, tid=15363
#
# JRE version: OpenJDK Runtime Environment (18.0.1.1+2) (build 18.0.1.1+2-6)
# Java VM: OpenJDK 64-Bit Server VM (18.0.1.1+2-6, mixed mode, sharing, tiered, compressed oops, compressed class ptrs, g1 gc, bsd-aarch64)
# Problematic frame:
# C  0x00000001414cf298
#
# No core dump will be written. Core dumps have been disabled. To enable core dumping, try "ulimit -c unlimited" before starting Java again
#
# If you would like to submit a bug report, please visit:
#   https://bugreport.java.com/bugreport/crash.jsp
#

---------------  S U M M A R Y ------------

Command Line: -javaagent:/Applications/IntelliJ IDEA.app/Contents/lib/idea_rt.jar=59950:/Applications/IntelliJ IDEA.app/Contents/bin -Dfile.encoding=UTF-8 FoodGUI

Host: "MacBookPro18,3" arm64, 8 cores, 16G, Darwin 21.5.0, macOS 12.4 (21F79)
Time: Fri Jun 24 02:05:44 2022 JST elapsed time: 0.636889 seconds (0d 0h 0m 0s)

---------------  T H R E A D  ---------------

Current thread is native thread

Stack: [0x000000016e1c4000,0x000000016e247000],  sp=0x000000016e246d80,  free space=523k
Native frames: (J=compiled Java code, j=interpreted, Vv=VM code, C=native code)
C  0x00000001414cf298
C  [libdispatch.dylib+0x25f0]  _dispatch_call_block_and_release+0x20
C  [libdispatch.dylib+0x41b4]  _dispatch_client_callout+0x14
C  [libdispatch.dylib+0x7708]  _dispatch_continuation_pop+0x28c
C  [libdispatch.dylib+0x6cdc]  _dispatch_async_redirect_invoke+0x248
C  [libdispatch.dylib+0x158e8]  _dispatch_root_queue_drain+0x18c
C  [libdispatch.dylib+0x16104]  _dispatch_worker_thread2+0xa4
C  [libsystem_pthread.dylib+0x3324]  _pthread_wqthread+0xe4


siginfo: si_signo: 11 (SIGSEGV), si_code: 2 (SEGV_ACCERR), si_addr: 0x00000002edfa0000

Registers:
 x0=0x000000070f87f77c  x1=0x000000016e246db0  x2=0x0000000000000000  x3=0x0000000000000000
 x4=0x000000003eccccce  x5=0x0000000000000000  x6=0x0000000000374716  x7=0x0000000000000002
 x8=0x0000000000000000  x9=0x000000070f87f778 x10=0x00000002e5120000 x11=0x0000000000000003
x12=0x0000000000000001 x13=0x000000000000000c x14=0x0000000000002000 x15=0x00000001414cf300
x16=0x0000000000000000 x17=0x0000000000000003 x18=0x0000000000000000 x19=0x0000000000004740
x20=0x00000002edfa0000 x21=0x0000000000000000 x22=0x0000000000000002 x23=0x00000002edfa0000
x24=0x0000000000000000 x25=0x000000016e2470e0 x26=0x0000000000000000 x27=0x000000016e247180
x28=0x0000000004004000  fp=0x000000016e246e00  lr=0x000000021330a010  sp=0x000000016e246d80
pc=0x00000001414cf298 cpsr=0x0000000080001000
Top of Stack: (sp=0x000000016e246d80)
0x000000016e246d80:   0000000000000000 0000000000000000
0x000000016e246d90:   0000600000d1b340 0000000000000000
0x000000016e246da0:   0000600003b54f80 0000600000da6e40
0x000000016e246db0:   000000070f87f778 00000002e5120000
0x000000016e246dc0:   000000060000000c 0000200000000016
0x000000016e246dd0:   0000000a00000004 0000000000000002
0x000000016e246de0:   000000037fffffff 0000000000000001
0x000000016e246df0:   0000000000000000 000000016e247180
0x000000016e246e00:   000000016e246e20 4f480001b1a465f0
0x000000016e246e10:   0000600003b54f80 0000600000033180
0x000000016e246e20:   000000016e246e40 1e010001b1a481b4
0x000000016e246e30:   0000600003b54f80 0000600000033180
0x000000016e246e40:   000000016e246e90 e2618001b1a4b708
0x000000016e246e50:   0000000000000000 000000016e2470e0
0x000000016e246e60:   000000020aad0240 0000000000030000
0x000000016e246e70:   0000600003b54f80 000000016e246f20
0x000000016e246e80:   0000600003b54d40 0000600000033180
0x000000016e246e90:   000000016e246f00 e4210001b1a4acdc
0x000000016e246ea0:   000000020aad0240 0000000000000000
0x000000016e246eb0:   000000016e2470e0 0000000000000000
0x000000016e246ec0:   000000020bc8c9e8 0000000000000000
0x000000016e246ed0:   0000600003b54d40 000000000000000f
0x000000016e246ee0:   0000000000000000 ffffffffffffffff
0x000000016e246ef0:   000000020aad0240 0000000000030000
0x000000016e246f00:   000000016e246f90 eb500001b1a598e8
0x000000016e246f10:   000000020aad0270 0003000000000000
0x000000016e246f20:   0000000000000000 0000000000000000
0x000000016e246f30:   0000000000000000 0000000137809038
0x000000016e246f40:   0000000000000000 0000000000000000
0x000000016e246f50:   0000000000000000 0000000000000000
0x000000016e246f60:   0000000000000000 0000000000000000
0x000000016e246f70:   0000000000064004 0000000000000000 

Instructions: (pc=0x00000001414cf298)
0x00000001414cf198:   1e382ad6 1e202028 5400010a 1e3522c0
0x00000001414cf1a8:   1e222ad8 1e38ded6 1e363ab5 1e3022a0
0x00000001414cf1b8:   5400012b 14000007 1e3522c0 5400004d
0x00000001414cf1c8:   1e222ad6 1e363ab5 1e3022a0 5400004d
0x00000001414cf1d8:   1e232ad6 1e252a35 1e350838 1e382af8
0x00000001414cf1e8:   1e202308 1a9fb7e6 1e202028 bc6659f7
0x00000001414cf1f8:   1e373b19 1e392af7 5400010a 1e3822e0
0x00000001414cf208:   5400004d 1e222af7 1e373b18 1e302300
0x00000001414cf218:   5400012b 14000007 1e3822e0 5400004d
0x00000001414cf228:   1e222af7 1e373b18 1e302300 5400004d
0x00000001414cf238:   1e232af7 1e332280 1e343a78 1e333a93
0x00000001414cf248:   1e33df13 1e380267 1e3622e0 1e373ad3
0x00000001414cf258:   1e363af4 1e34de73 1e380266 710004df
0x00000001414cf268:   5400030b 531c6e14 aa0603f3 710000ff
0x00000001414cf278:   5400024d 52800013 1b0e7d15 8b35c294
0x00000001414cf288:   8b140154 d2800015 aa0703f6 8b150297
0x00000001414cf298:   29000ee5 290112e2 910042b5 510006d6
0x00000001414cf2a8:   35ffff76 8b0e0294 11000673 6b06027f
0x00000001414cf2b8:   54fffea1 14000003 51000673 35fffff3
0x00000001414cf2c8:   1e322892 0b070210 51000631 35ffecf1
0x00000001414cf2d8:   0b060108 8b0d0129 5100058c 4eb51eb1
0x00000001414cf2e8:   35ffebcc a9424ff4 a94157f6 a8c35ff8
0x00000001414cf2f8:   d65f03c0 3b808081 4b000000 cb000000
0x00000001414cf308:   bf800000 3f800000 00000000 00000001
0x00000001414cf318:   00000000 00000001 000000e4 00000039
0x00000001414cf328:   0000004e 00000093 07000000 00000001
0x00000001414cf338:   000002fc 02003007 00000000 00000000
0x00000001414cf348:   00000000 00000000 00000000 00000000
0x00000001414cf358:   00000000 00000000 00000000 00000000
0x00000001414cf368:   00000000 00000000 00000000 00000000
0x00000001414cf378:   00000000 00000000 00000000 00000000
0x00000001414cf388:   00000000 00000000 00000000 00000000 



---------------  P R O C E S S  ---------------

VM state: not at safepoint (normal execution)

VM Mutex/Monitor currently owned by a thread: None

Heap address: 0x0000000700000000, size: 4096 MB, Compressed Oops mode: Zero based, Oop shift amount: 3

CDS archive(s) mapped at: [0x0000000800000000-0x0000000800ba8000-0x0000000800ba8000), size 12222464, SharedBaseAddress: 0x0000000800000000, ArchiveRelocationMode: 0.
Compressed class space mapped at: 0x0000000800c00000-0x0000000840c00000, reserved size: 1073741824
Narrow klass base: 0x0000000800000000, Narrow klass shift: 0, Narrow klass range: 0x100000000

GC Precious Log:
<Skipped>

Heap:
 garbage-first heap   total 266240K, used 11948K [0x0000000700000000, 0x0000000800000000)
  region size 2048K, 5 young (10240K), 0 survivors (0K)
 Metaspace       used 8390K, committed 8640K, reserved 1114112K
  class space    used 946K, committed 1024K, reserved 1048576K

Heap Regions: E=young(eden), S=young(survivor), O=old, HS=humongous(starts), HC=humongous(continues), CS=collection set, F=free, OA=open archive, CA=closed archive, TAMS=top-at-mark-start (previous, next)
|   0|0x0000000700000000, 0x0000000700000000, 0x0000000700200000|  0%| F|  |TAMS 0x0000000700000000, 0x0000000700000000| Untracked 
|   1|0x0000000700200000, 0x0000000700200000, 0x0000000700400000|  0%| F|  |TAMS 0x0000000700200000, 0x0000000700200000| Untracked 
|   2|0x0000000700400000, 0x0000000700400000, 0x0000000700600000|  0%| F|  |TAMS 0x0000000700400000, 0x0000000700400000| Untracked 
|   3|0x0000000700600000, 0x0000000700600000, 0x0000000700800000|  0%| F|  |TAMS 0x0000000700600000, 0x0000000700600000| Untracked 
|   4|0x0000000700800000, 0x0000000700800000, 0x0000000700a00000|  0%| F|  |TAMS 0x0000000700800000, 0x0000000700800000| Untracked 
|   5|0x0000000700a00000, 0x0000000700a00000, 0x0000000700c00000|  0%| F|  |TAMS 0x0000000700a00000, 0x0000000700a00000| Untracked 
|   6|0x0000000700c00000, 0x0000000700c00000, 0x0000000700e00000|  0%| F|  |TAMS 0x0000000700c00000, 0x0000000700c00000| Untracked 
|   7|0x0000000700e00000, 0x0000000700e00000, 0x0000000701000000|  0%| F|  |TAMS 0x0000000700e00000, 0x0000000700e00000| Untracked 
|   8|0x0000000701000000, 0x0000000701000000, 0x0000000701200000|  0%| F|  |TAMS 0x0000000701000000, 0x0000000701000000| Untracked 
|   9|0x0000000701200000, 0x0000000701200000, 0x0000000701400000|  0%| F|  |TAMS 0x0000000701200000, 0x0000000701200000| Untracked 
|  10|0x0000000701400000, 0x0000000701400000, 0x0000000701600000|  0%| F|  |TAMS 0x0000000701400000, 0x0000000701400000| Untracked 
|  11|0x0000000701600000, 0x0000000701600000, 0x0000000701800000|  0%| F|  |TAMS 0x0000000701600000, 0x0000000701600000| Untracked 
|  12|0x0000000701800000, 0x0000000701800000, 0x0000000701a00000|  0%| F|  |TAMS 0x0000000701800000, 0x0000000701800000| Untracked 
|  13|0x0000000701a00000, 0x0000000701a00000, 0x0000000701c00000|  0%| F|  |TAMS 0x0000000701a00000, 0x0000000701a00000| Untracked 
|  14|0x0000000701c00000, 0x0000000701c00000, 0x0000000701e00000|  0%| F|  |TAMS 0x0000000701c00000, 0x0000000701c00000| Untracked 
|  15|0x0000000701e00000, 0x0000000701e00000, 0x0000000702000000|  0%| F|  |TAMS 0x0000000701e00000, 0x0000000701e00000| Untracked 
|  16|0x0000000702000000, 0x0000000702000000, 0x0000000702200000|  0%| F|  |TAMS 0x0000000702000000, 0x0000000702000000| Untracked 
|  17|0x0000000702200000, 0x0000000702200000, 0x0000000702400000|  0%| F|  |TAMS 0x0000000702200000, 0x0000000702200000| Untracked 
|  18|0x0000000702400000, 0x0000000702400000, 0x0000000702600000|  0%| F|  |TAMS 0x0000000702400000, 0x0000000702400000| Untracked 
|  19|0x0000000702600000, 0x0000000702600000, 0x0000000702800000|  0%| F|  |TAMS 0x0000000702600000, 0x0000000702600000| Untracked 
|  20|0x0000000702800000, 0x0000000702800000, 0x0000000702a00000|  0%| F|  |TAMS 0x0000000702800000, 0x0000000702800000| Untracked 
|  21|0x0000000702a00000, 0x0000000702a00000, 0x0000000702c00000|  0%| F|  |TAMS 0x0000000702a00000, 0x0000000702a00000| Untracked 
|  22|0x0000000702c00000, 0x0000000702c00000, 0x0000000702e00000|  0%| F|  |TAMS 0x0000000702c00000, 0x0000000702c00000| Untracked 
|  23|0x0000000702e00000, 0x0000000702e00000, 0x0000000703000000|  0%| F|  |TAMS 0x0000000702e00000, 0x0000000702e00000| Untracked 
|  24|0x0000000703000000, 0x0000000703000000, 0x0000000703200000|  0%| F|  |TAMS 0x0000000703000000, 0x0000000703000000| Untracked 
|  25|0x0000000703200000, 0x0000000703200000, 0x0000000703400000|  0%| F|  |TAMS 0x0000000703200000, 0x0000000703200000| Untracked 
|  26|0x0000000703400000, 0x0000000703400000, 0x0000000703600000|  0%| F|  |TAMS 0x0000000703400000, 0x0000000703400000| Untracked 
|  27|0x0000000703600000, 0x0000000703600000, 0x0000000703800000|  0%| F|  |TAMS 0x0000000703600000, 0x0000000703600000| Untracked 
|  28|0x0000000703800000, 0x0000000703800000, 0x0000000703a00000|  0%| F|  |TAMS 0x0000000703800000, 0x0000000703800000| Untracked 
|  29|0x0000000703a00000, 0x0000000703a00000, 0x0000000703c00000|  0%| F|  |TAMS 0x0000000703a00000, 0x0000000703a00000| Untracked 
|  30|0x0000000703c00000, 0x0000000703c00000, 0x0000000703e00000|  0%| F|  |TAMS 0x0000000703c00000, 0x0000000703c00000| Untracked 
|  31|0x0000000703e00000, 0x0000000703e00000, 0x0000000704000000|  0%| F|  |TAMS 0x0000000703e00000, 0x0000000703e00000| Untracked 
|  32|0x0000000704000000, 0x0000000704000000, 0x0000000704200000|  0%| F|  |TAMS 0x0000000704000000, 0x0000000704000000| Untracked 
|  33|0x0000000704200000, 0x0000000704200000, 0x0000000704400000|  0%| F|  |TAMS 0x0000000704200000, 0x0000000704200000| Untracked 
|  34|0x0000000704400000, 0x0000000704400000, 0x0000000704600000|  0%| F|  |TAMS 0x0000000704400000, 0x0000000704400000| Untracked 
|  35|0x0000000704600000, 0x0000000704600000, 0x0000000704800000|  0%| F|  |TAMS 0x0000000704600000, 0x0000000704600000| Untracked 
|  36|0x0000000704800000, 0x0000000704800000, 0x0000000704a00000|  0%| F|  |TAMS 0x0000000704800000, 0x0000000704800000| Untracked 
|  37|0x0000000704a00000, 0x0000000704a00000, 0x0000000704c00000|  0%| F|  |TAMS 0x0000000704a00000, 0x0000000704a00000| Untracked 
|  38|0x0000000704c00000, 0x0000000704c00000, 0x0000000704e00000|  0%| F|  |TAMS 0x0000000704c00000, 0x0000000704c00000| Untracked 
|  39|0x0000000704e00000, 0x0000000704e00000, 0x0000000705000000|  0%| F|  |TAMS 0x0000000704e00000, 0x0000000704e00000| Untracked 
|  40|0x0000000705000000, 0x0000000705000000, 0x0000000705200000|  0%| F|  |TAMS 0x0000000705000000, 0x0000000705000000| Untracked 
|  41|0x0000000705200000, 0x0000000705200000, 0x0000000705400000|  0%| F|  |TAMS 0x0000000705200000, 0x0000000705200000| Untracked 
|  42|0x0000000705400000, 0x0000000705400000, 0x0000000705600000|  0%| F|  |TAMS 0x0000000705400000, 0x0000000705400000| Untracked 
|  43|0x0000000705600000, 0x0000000705600000, 0x0000000705800000|  0%| F|  |TAMS 0x0000000705600000, 0x0000000705600000| Untracked 
|  44|0x0000000705800000, 0x0000000705800000, 0x0000000705a00000|  0%| F|  |TAMS 0x0000000705800000, 0x0000000705800000| Untracked 
|  45|0x0000000705a00000, 0x0000000705a00000, 0x0000000705c00000|  0%| F|  |TAMS 0x0000000705a00000, 0x0000000705a00000| Untracked 
|  46|0x0000000705c00000, 0x0000000705c00000, 0x0000000705e00000|  0%| F|  |TAMS 0x0000000705c00000, 0x0000000705c00000| Untracked 
|  47|0x0000000705e00000, 0x0000000705e00000, 0x0000000706000000|  0%| F|  |TAMS 0x0000000705e00000, 0x0000000705e00000| Untracked 
|  48|0x0000000706000000, 0x0000000706000000, 0x0000000706200000|  0%| F|  |TAMS 0x0000000706000000, 0x0000000706000000| Untracked 
|  49|0x0000000706200000, 0x0000000706200000, 0x0000000706400000|  0%| F|  |TAMS 0x0000000706200000, 0x0000000706200000| Untracked 
|  50|0x0000000706400000, 0x0000000706400000, 0x0000000706600000|  0%| F|  |TAMS 0x0000000706400000, 0x0000000706400000| Untracked 
|  51|0x0000000706600000, 0x0000000706600000, 0x0000000706800000|  0%| F|  |TAMS 0x0000000706600000, 0x0000000706600000| Untracked 
|  52|0x0000000706800000, 0x0000000706800000, 0x0000000706a00000|  0%| F|  |TAMS 0x0000000706800000, 0x0000000706800000| Untracked 
|  53|0x0000000706a00000, 0x0000000706a00000, 0x0000000706c00000|  0%| F|  |TAMS 0x0000000706a00000, 0x0000000706a00000| Untracked 
|  54|0x0000000706c00000, 0x0000000706c00000, 0x0000000706e00000|  0%| F|  |TAMS 0x0000000706c00000, 0x0000000706c00000| Untracked 
|  55|0x0000000706e00000, 0x0000000706e00000, 0x0000000707000000|  0%| F|  |TAMS 0x0000000706e00000, 0x0000000706e00000| Untracked 
|  56|0x0000000707000000, 0x0000000707000000, 0x0000000707200000|  0%| F|  |TAMS 0x0000000707000000, 0x0000000707000000| Untracked 
|  57|0x0000000707200000, 0x0000000707200000, 0x0000000707400000|  0%| F|  |TAMS 0x0000000707200000, 0x0000000707200000| Untracked 
|  58|0x0000000707400000, 0x0000000707400000, 0x0000000707600000|  0%| F|  |TAMS 0x0000000707400000, 0x0000000707400000| Untracked 
|  59|0x0000000707600000, 0x0000000707600000, 0x0000000707800000|  0%| F|  |TAMS 0x0000000707600000, 0x0000000707600000| Untracked 
|  60|0x0000000707800000, 0x0000000707800000, 0x0000000707a00000|  0%| F|  |TAMS 0x0000000707800000, 0x0000000707800000| Untracked 
|  61|0x0000000707a00000, 0x0000000707a00000, 0x0000000707c00000|  0%| F|  |TAMS 0x0000000707a00000, 0x0000000707a00000| Untracked 
|  62|0x0000000707c00000, 0x0000000707c00000, 0x0000000707e00000|  0%| F|  |TAMS 0x0000000707c00000, 0x0000000707c00000| Untracked 
|  63|0x0000000707e00000, 0x0000000707e00000, 0x0000000708000000|  0%| F|  |TAMS 0x0000000707e00000, 0x0000000707e00000| Untracked 
|  64|0x0000000708000000, 0x0000000708000000, 0x0000000708200000|  0%| F|  |TAMS 0x0000000708000000, 0x0000000708000000| Untracked 
|  65|0x0000000708200000, 0x0000000708200000, 0x0000000708400000|  0%| F|  |TAMS 0x0000000708200000, 0x0000000708200000| Untracked 
|  66|0x0000000708400000, 0x0000000708400000, 0x0000000708600000|  0%| F|  |TAMS 0x0000000708400000, 0x0000000708400000| Untracked 
|  67|0x0000000708600000, 0x0000000708600000, 0x0000000708800000|  0%| F|  |TAMS 0x0000000708600000, 0x0000000708600000| Untracked 
|  68|0x0000000708800000, 0x0000000708800000, 0x0000000708a00000|  0%| F|  |TAMS 0x0000000708800000, 0x0000000708800000| Untracked 
|  69|0x0000000708a00000, 0x0000000708a00000, 0x0000000708c00000|  0%| F|  |TAMS 0x0000000708a00000, 0x0000000708a00000| Untracked 
|  70|0x0000000708c00000, 0x0000000708c00000, 0x0000000708e00000|  0%| F|  |TAMS 0x0000000708c00000, 0x0000000708c00000| Untracked 
|  71|0x0000000708e00000, 0x0000000708e00000, 0x0000000709000000|  0%| F|  |TAMS 0x0000000708e00000, 0x0000000708e00000| Untracked 
|  72|0x0000000709000000, 0x0000000709000000, 0x0000000709200000|  0%| F|  |TAMS 0x0000000709000000, 0x0000000709000000| Untracked 
|  73|0x0000000709200000, 0x0000000709200000, 0x0000000709400000|  0%| F|  |TAMS 0x0000000709200000, 0x0000000709200000| Untracked 
|  74|0x0000000709400000, 0x0000000709400000, 0x0000000709600000|  0%| F|  |TAMS 0x0000000709400000, 0x0000000709400000| Untracked 
|  75|0x0000000709600000, 0x0000000709600000, 0x0000000709800000|  0%| F|  |TAMS 0x0000000709600000, 0x0000000709600000| Untracked 
|  76|0x0000000709800000, 0x0000000709800000, 0x0000000709a00000|  0%| F|  |TAMS 0x0000000709800000, 0x0000000709800000| Untracked 
|  77|0x0000000709a00000, 0x0000000709a00000, 0x0000000709c00000|  0%| F|  |TAMS 0x0000000709a00000, 0x0000000709a00000| Untracked 
|  78|0x0000000709c00000, 0x0000000709c00000, 0x0000000709e00000|  0%| F|  |TAMS 0x0000000709c00000, 0x0000000709c00000| Untracked 
|  79|0x0000000709e00000, 0x0000000709e00000, 0x000000070a000000|  0%| F|  |TAMS 0x0000000709e00000, 0x0000000709e00000| Untracked 
|  80|0x000000070a000000, 0x000000070a000000, 0x000000070a200000|  0%| F|  |TAMS 0x000000070a000000, 0x000000070a000000| Untracked 
|  81|0x000000070a200000, 0x000000070a200000, 0x000000070a400000|  0%| F|  |TAMS 0x000000070a200000, 0x000000070a200000| Untracked 
|  82|0x000000070a400000, 0x000000070a400000, 0x000000070a600000|  0%| F|  |TAMS 0x000000070a400000, 0x000000070a400000| Untracked 
|  83|0x000000070a600000, 0x000000070a600000, 0x000000070a800000|  0%| F|  |TAMS 0x000000070a600000, 0x000000070a600000| Untracked 
|  84|0x000000070a800000, 0x000000070a800000, 0x000000070aa00000|  0%| F|  |TAMS 0x000000070a800000, 0x000000070a800000| Untracked 
|  85|0x000000070aa00000, 0x000000070aa00000, 0x000000070ac00000|  0%| F|  |TAMS 0x000000070aa00000, 0x000000070aa00000| Untracked 
|  86|0x000000070ac00000, 0x000000070ac00000, 0x000000070ae00000|  0%| F|  |TAMS 0x000000070ac00000, 0x000000070ac00000| Untracked 
|  87|0x000000070ae00000, 0x000000070ae00000, 0x000000070b000000|  0%| F|  |TAMS 0x000000070ae00000, 0x000000070ae00000| Untracked 
|  88|0x000000070b000000, 0x000000070b000000, 0x000000070b200000|  0%| F|  |TAMS 0x000000070b000000, 0x000000070b000000| Untracked 
|  89|0x000000070b200000, 0x000000070b200000, 0x000000070b400000|  0%| F|  |TAMS 0x000000070b200000, 0x000000070b200000| Untracked 
|  90|0x000000070b400000, 0x000000070b400000, 0x000000070b600000|  0%| F|  |TAMS 0x000000070b400000, 0x000000070b400000| Untracked 
|  91|0x000000070b600000, 0x000000070b600000, 0x000000070b800000|  0%| F|  |TAMS 0x000000070b600000, 0x000000070b600000| Untracked 
|  92|0x000000070b800000, 0x000000070b800000, 0x000000070ba00000|  0%| F|  |TAMS 0x000000070b800000, 0x000000070b800000| Untracked 
|  93|0x000000070ba00000, 0x000000070ba00000, 0x000000070bc00000|  0%| F|  |TAMS 0x000000070ba00000, 0x000000070ba00000| Untracked 
|  94|0x000000070bc00000, 0x000000070bc00000, 0x000000070be00000|  0%| F|  |TAMS 0x000000070bc00000, 0x000000070bc00000| Untracked 
|  95|0x000000070be00000, 0x000000070be00000, 0x000000070c000000|  0%| F|  |TAMS 0x000000070be00000, 0x000000070be00000| Untracked 
|  96|0x000000070c000000, 0x000000070c000000, 0x000000070c200000|  0%| F|  |TAMS 0x000000070c000000, 0x000000070c000000| Untracked 
|  97|0x000000070c200000, 0x000000070c200000, 0x000000070c400000|  0%| F|  |TAMS 0x000000070c200000, 0x000000070c200000| Untracked 
|  98|0x000000070c400000, 0x000000070c400000, 0x000000070c600000|  0%| F|  |TAMS 0x000000070c400000, 0x000000070c400000| Untracked 
|  99|0x000000070c600000, 0x000000070c600000, 0x000000070c800000|  0%| F|  |TAMS 0x000000070c600000, 0x000000070c600000| Untracked 
| 100|0x000000070c800000, 0x000000070c800000, 0x000000070ca00000|  0%| F|  |TAMS 0x000000070c800000, 0x000000070c800000| Untracked 
| 101|0x000000070ca00000, 0x000000070ca00000, 0x000000070cc00000|  0%| F|  |TAMS 0x000000070ca00000, 0x000000070ca00000| Untracked 
| 102|0x000000070cc00000, 0x000000070cc00000, 0x000000070ce00000|  0%| F|  |TAMS 0x000000070cc00000, 0x000000070cc00000| Untracked 
| 103|0x000000070ce00000, 0x000000070ce00000, 0x000000070d000000|  0%| F|  |TAMS 0x000000070ce00000, 0x000000070ce00000| Untracked 
| 104|0x000000070d000000, 0x000000070d000000, 0x000000070d200000|  0%| F|  |TAMS 0x000000070d000000, 0x000000070d000000| Untracked 
| 105|0x000000070d200000, 0x000000070d200000, 0x000000070d400000|  0%| F|  |TAMS 0x000000070d200000, 0x000000070d200000| Untracked 
| 106|0x000000070d400000, 0x000000070d400000, 0x000000070d600000|  0%| F|  |TAMS 0x000000070d400000, 0x000000070d400000| Untracked 
| 107|0x000000070d600000, 0x000000070d600000, 0x000000070d800000|  0%| F|  |TAMS 0x000000070d600000, 0x000000070d600000| Untracked 
| 108|0x000000070d800000, 0x000000070d800000, 0x000000070da00000|  0%| F|  |TAMS 0x000000070d800000, 0x000000070d800000| Untracked 
| 109|0x000000070da00000, 0x000000070da00000, 0x000000070dc00000|  0%| F|  |TAMS 0x000000070da00000, 0x000000070da00000| Untracked 
| 110|0x000000070dc00000, 0x000000070dc00000, 0x000000070de00000|  0%| F|  |TAMS 0x000000070dc00000, 0x000000070dc00000| Untracked 
| 111|0x000000070de00000, 0x000000070de00000, 0x000000070e000000|  0%| F|  |TAMS 0x000000070de00000, 0x000000070de00000| Untracked 
| 112|0x000000070e000000, 0x000000070e000000, 0x000000070e200000|  0%| F|  |TAMS 0x000000070e000000, 0x000000070e000000| Untracked 
| 113|0x000000070e200000, 0x000000070e200000, 0x000000070e400000|  0%| F|  |TAMS 0x000000070e200000, 0x000000070e200000| Untracked 
| 114|0x000000070e400000, 0x000000070e400000, 0x000000070e600000|  0%| F|  |TAMS 0x000000070e400000, 0x000000070e400000| Untracked 
| 115|0x000000070e600000, 0x000000070e600000, 0x000000070e800000|  0%| F|  |TAMS 0x000000070e600000, 0x000000070e600000| Untracked 
| 116|0x000000070e800000, 0x000000070e800000, 0x000000070ea00000|  0%| F|  |TAMS 0x000000070e800000, 0x000000070e800000| Untracked 
| 117|0x000000070ea00000, 0x000000070ea00000, 0x000000070ec00000|  0%| F|  |TAMS 0x000000070ea00000, 0x000000070ea00000| Untracked 
| 118|0x000000070ec00000, 0x000000070ec00000, 0x000000070ee00000|  0%| F|  |TAMS 0x000000070ec00000, 0x000000070ec00000| Untracked 
| 119|0x000000070ee00000, 0x000000070ee00000, 0x000000070f000000|  0%| F|  |TAMS 0x000000070ee00000, 0x000000070ee00000| Untracked 
| 120|0x000000070f000000, 0x000000070f000000, 0x000000070f200000|  0%| F|  |TAMS 0x000000070f000000, 0x000000070f000000| Untracked 
| 121|0x000000070f200000, 0x000000070f200000, 0x000000070f400000|  0%| F|  |TAMS 0x000000070f200000, 0x000000070f200000| Untracked 
| 122|0x000000070f400000, 0x000000070f400000, 0x000000070f600000|  0%| F|  |TAMS 0x000000070f400000, 0x000000070f400000| Untracked 
| 123|0x000000070f600000, 0x000000070f7c32b8, 0x000000070f800000| 88%| E|  |TAMS 0x000000070f600000, 0x000000070f600000| Complete 
| 124|0x000000070f800000, 0x000000070fa00000, 0x000000070fa00000|100%| E|CS|TAMS 0x000000070f800000, 0x000000070f800000| Complete 
| 125|0x000000070fa00000, 0x000000070fc00000, 0x000000070fc00000|100%| E|CS|TAMS 0x000000070fa00000, 0x000000070fa00000| Complete 
| 126|0x000000070fc00000, 0x000000070fe00000, 0x000000070fe00000|100%| E|CS|TAMS 0x000000070fc00000, 0x000000070fc00000| Complete 
| 127|0x000000070fe00000, 0x0000000710000000, 0x0000000710000000|100%| E|CS|TAMS 0x000000070fe00000, 0x000000070fe00000| Complete 
|2046|0x00000007ffc00000, 0x00000007ffd74000, 0x00000007ffe00000| 72%|OA|  |TAMS 0x00000007ffc00000, 0x00000007ffc00000| Untracked 
|2047|0x00000007ffe00000, 0x00000007ffe74000, 0x0000000800000000| 22%|CA|  |TAMS 0x00000007ffe00000, 0x00000007ffe00000| Untracked 

Card table byte_map: [0x000000011b940000,0x000000011c140000] _byte_map_base: 0x0000000118140000

Marking Bits (Prev, Next): (CMBitMap*) 0x0000000136008210, (CMBitMap*) 0x0000000136008250
 Prev Bits: [0x000000011c940000, 0x0000000120940000)
 Next Bits: [0x0000000120940000, 0x0000000124940000)

Polling page: 0x00000001030b8000

Metaspace:

Usage:
  Non-class:      7.27 MB used.
      Class:    946.53 KB used.
       Both:      8.19 MB used.

Virtual space:
  Non-class space:       64.00 MB reserved,       7.44 MB ( 12%) committed,  1 nodes.
      Class space:        1.00 GB reserved,       1.00 MB ( <1%) committed,  1 nodes.
             Both:        1.06 GB reserved,       8.44 MB ( <1%) committed. 

Chunk freelists:
   Non-Class:  439.00 KB
       Class:  3.00 MB
        Both:  3.43 MB

MaxMetaspaceSize: unlimited
CompressedClassSpaceSize: 1.00 GB
Initial GC threshold: 21.00 MB
Current GC threshold: 21.00 MB
CDS: on
MetaspaceReclaimPolicy: balanced
 - commit_granule_bytes: 65536.
 - commit_granule_words: 8192.
 - virtual_space_node_default_size: 8388608.
 - enlarge_chunks_in_place: 1.
 - new_chunks_are_fully_committed: 0.
 - uncommit_free_chunks: 1.
 - use_allocation_guard: 0.


Internal statistics:

num_allocs_failed_limit: 0.
num_arena_births: 214.
num_arena_deaths: 0.
num_vsnodes_births: 2.
num_vsnodes_deaths: 0.
num_space_committed: 135.
num_space_uncommitted: 0.
num_chunks_returned_to_freelist: 0.
num_chunks_taken_from_freelist: 278.
num_chunk_merges: 0.
num_chunk_splits: 169.
num_chunks_enlarged: 76.
num_inconsistent_stats: 0.

CodeHeap 'non-profiled nmethods': size=120032Kb used=256Kb max_used=256Kb free=119776Kb
 bounds [0x0000000114408000, 0x0000000114678000, 0x000000011b940000]
CodeHeap 'profiled nmethods': size=120016Kb used=1355Kb max_used=1355Kb free=118660Kb
 bounds [0x000000010ced4000, 0x000000010d144000, 0x0000000114408000]
CodeHeap 'non-nmethods': size=5712Kb used=1282Kb max_used=1310Kb free=4429Kb
 bounds [0x000000010c940000, 0x000000010cbb0000, 0x000000010ced4000]
 total_blobs=1488 nmethods=859 adapters=546
 compilation: enabled
              stopped_count=0, restarted_count=0
 full_count=0

Compilation events (20 events):
Event: 0.615 Thread 0x0000000156014200  850       3       java.util.ArrayList::isEmpty (13 bytes)
Event: 0.615 Thread 0x0000000156014200 nmethod 850 0x000000010d023e10 code [0x000000010d023fc0, 0x000000010d024168]
Event: 0.616 Thread 0x0000000156014200  851       1       java.awt.Color::getRGB (5 bytes)
Event: 0.616 Thread 0x0000000156014200 nmethod 851 0x0000000114447310 code [0x0000000114447480, 0x0000000114447568]
Event: 0.616 Thread 0x0000000156014200  852       3       java.awt.Component::getFont (5 bytes)
Event: 0.616 Thread 0x0000000156014200 nmethod 852 0x000000010d024210 code [0x000000010d024400, 0x000000010d0247d8]
Event: 0.618 Thread 0x0000000156014200  853       3       sun.java2d.loops.GraphicsPrimitiveMgr$2::compare (39 bytes)
Event: 0.618 Thread 0x0000000156014200 nmethod 853 0x000000010d024910 code [0x000000010d024b00, 0x000000010d024f68]
Event: 0.618 Thread 0x0000000156014200  854       1       sun.java2d.loops.CompositeType::getSuperType (5 bytes)
Event: 0.618 Thread 0x0000000156014200 nmethod 854 0x0000000114447610 code [0x0000000114447780, 0x0000000114447868]
Event: 0.618 Thread 0x0000000156014200  855       3       java.util.Arrays::binarySearch0 (95 bytes)
Event: 0.618 Thread 0x0000000156014200 nmethod 855 0x000000010d025090 code [0x000000010d025280, 0x000000010d025708]
Event: 0.618 Thread 0x0000000156014200  856       3       sun.java2d.loops.GraphicsPrimitiveMgr::locate (104 bytes)
Event: 0.618 Thread 0x0000000156014200 nmethod 856 0x000000010d025890 code [0x000000010d025b40, 0x000000010d0266a8]
Event: 0.618 Thread 0x0000000156014200  857       3       java.util.Arrays::binarySearch (10 bytes)
Event: 0.619 Thread 0x0000000156014200 nmethod 857 0x000000010d026910 code [0x000000010d026ac0, 0x000000010d026c18]
Event: 0.619 Thread 0x0000000156014200  858       1       sun.java2d.loops.SurfaceType::getSuperType (5 bytes)
Event: 0.619 Thread 0x0000000156014200 nmethod 858 0x0000000114447910 code [0x0000000114447a80, 0x0000000114447b68]
Event: 0.619 Thread 0x0000000156013c00  859       4       sun.java2d.loops.GraphicsPrimitiveMgr$2::compare (39 bytes)
Event: 0.619 Thread 0x0000000156013c00 nmethod 859 0x0000000114447c10 code [0x0000000114447dc0, 0x0000000114447f20]

GC Heap History (0 events):
No events

Deoptimization events (20 events):
Event: 0.325 Thread 0x000000015680ae00 DEOPT PACKING pc=0x000000011442e484 sp=0x000000016d15a1c0
Event: 0.325 Thread 0x000000015680ae00 DEOPT UNPACKING pc=0x000000010c97ed1c sp=0x000000016d15a150 mode 2
Event: 0.329 Thread 0x000000015680ae00 DEOPT PACKING pc=0x000000010cf17c84 sp=0x000000016d1594f0
Event: 0.329 Thread 0x000000015680ae00 DEOPT UNPACKING pc=0x000000010c97eb7c sp=0x000000016d159120 mode 0
Event: 0.330 Thread 0x000000015680ae00 Uncommon trap: trap_request=0xffffff45 fr.pc=0x000000011442f64c relative=0x000000000000074c
Event: 0.330 Thread 0x000000015680ae00 Uncommon trap: reason=unstable_if action=reinterpret pc=0x000000011442f64c method=java.util.HashMap.putVal(ILjava/lang/Object;Ljava/lang/Object;ZZ)Ljava/lang/Object; @ 181 c2
Event: 0.330 Thread 0x000000015680ae00 DEOPT PACKING pc=0x000000011442f64c sp=0x000000016d1596a0
Event: 0.330 Thread 0x000000015680ae00 DEOPT UNPACKING pc=0x000000010c97ed1c sp=0x000000016d1595e0 mode 2
Event: 0.576 Thread 0x000000015680ae00 Uncommon trap: trap_request=0xffffff45 fr.pc=0x000000011443fb98 relative=0x0000000000000458
Event: 0.576 Thread 0x000000015680ae00 Uncommon trap: reason=unstable_if action=reinterpret pc=0x000000011443fb98 method=java.lang.StringLatin1.toLowerCase(Ljava/lang/String;[BLjava/util/Locale;)Ljava/lang/String; @ 43 c2
Event: 0.576 Thread 0x000000015680ae00 DEOPT PACKING pc=0x000000011443fb98 sp=0x000000016d159280
Event: 0.576 Thread 0x000000015680ae00 DEOPT UNPACKING pc=0x000000010c97ed1c sp=0x000000016d1591e0 mode 2
Event: 0.589 Thread 0x000000015680ae00 Uncommon trap: trap_request=0xffffffde fr.pc=0x000000011442e484 relative=0x0000000000000144
Event: 0.589 Thread 0x000000015680ae00 Uncommon trap: reason=class_check action=maybe_recompile pc=0x000000011442e484 method=java.lang.String.equals(Ljava/lang/Object;)Z @ 8 c2
Event: 0.589 Thread 0x000000015680ae00 DEOPT PACKING pc=0x000000011442e484 sp=0x000000016d15a2f0
Event: 0.589 Thread 0x000000015680ae00 DEOPT UNPACKING pc=0x000000010c97ed1c sp=0x000000016d15a280 mode 2
Event: 0.589 Thread 0x000000015680ae00 Uncommon trap: trap_request=0xffffffde fr.pc=0x000000011442e484 relative=0x0000000000000144
Event: 0.589 Thread 0x000000015680ae00 Uncommon trap: reason=class_check action=maybe_recompile pc=0x000000011442e484 method=java.lang.String.equals(Ljava/lang/Object;)Z @ 8 c2
Event: 0.589 Thread 0x000000015680ae00 DEOPT PACKING pc=0x000000011442e484 sp=0x000000016d15a300
Event: 0.589 Thread 0x000000015680ae00 DEOPT UNPACKING pc=0x000000010c97ed1c sp=0x000000016d15a290 mode 2

Classes loaded (20 events):
Event: 0.618 Loading class sun/awt/image/BufImgSurfaceManager
Event: 0.618 Loading class sun/awt/image/BufImgSurfaceManager done
Event: 0.618 Loading class sun/awt/image/BufImgSurfaceData
Event: 0.618 Loading class sun/awt/image/BufImgSurfaceData done
Event: 0.618 Loading class sun/awt/image/BufImgSurfaceData$ICMColorData
Event: 0.618 Loading class sun/awt/image/BufImgSurfaceData$ICMColorData done
Event: 0.618 Loading class sun/java2d/loops/RenderLoops
Event: 0.618 Loading class sun/java2d/loops/RenderLoops done
Event: 0.618 Loading class sun/java2d/loops/DrawGlyphListColor
Event: 0.618 Loading class sun/java2d/loops/DrawGlyphListColor done
Event: 0.618 Loading class sun/java2d/loops/DrawGlyphListColor$General
Event: 0.618 Loading class sun/java2d/loops/DrawGlyphListColor$General done
Event: 0.618 Loading class sun/java2d/loops/Blit$GeneralMaskBlit
Event: 0.618 Loading class sun/java2d/loops/Blit$GeneralMaskBlit done
Event: 0.618 Loading class sun/awt/image/BufferedImageDevice
Event: 0.618 Loading class sun/awt/image/BufferedImageDevice done
Event: 0.619 Loading class sun/java2d/opengl/OGLSurfaceDataProxy
Event: 0.619 Loading class sun/java2d/opengl/OGLSurfaceDataProxy done
Event: 0.619 Loading class sun/java2d/StateTrackableDelegate$1
Event: 0.619 Loading class sun/java2d/StateTrackableDelegate$1 done

Classes unloaded (0 events):
No events

Classes redefined (0 events):
No events

Internal exceptions (20 events):
Event: 0.059 Thread 0x000000015680ae00 Exception <a 'java/lang/NoSuchMethodError'{0x000000070fd6f6d8}: 'java.lang.Object java.lang.invoke.DirectMethodHandle$Holder.invokeStaticInit(java.lang.Object)'> (0x000000070fd6f6d8) 
thrown [open/src/hotspot/share/interpreter/linkResolver.cpp, line 766]
Event: 0.065 Thread 0x000000015680ae00 Exception <a 'java/lang/ClassNotFoundException'{0x000000070fd9ca08}: sun/awt/resources/spi/awtosxProvider> (0x000000070fd9ca08) 
thrown [open/src/hotspot/share/classfile/systemDictionary.cpp, line 255]
Event: 0.236 Thread 0x000000015680ae00 Exception <a 'java/lang/NoSuchMethodError'{0x000000070fdd15e8}: 'void java.lang.invoke.DirectMethodHandle$Holder.invokeSpecial(java.lang.Object, java.lang.Object, java.lang.Object)'> (0x000000070fdd15e8) 
thrown [open/src/hotspot/share/interpreter/linkResolver.cpp, line 766]
Event: 0.240 Thread 0x000000015680ae00 Exception <a 'java/lang/NoSuchMethodError'{0x000000070fde4ea8}: 'void java.lang.invoke.DirectMethodHandle$Holder.invokeStaticInit(java.lang.Object)'> (0x000000070fde4ea8) 
thrown [open/src/hotspot/share/interpreter/linkResolver.cpp, line 766]
Event: 0.245 Thread 0x000000015680ae00 Exception <a 'java/lang/NoSuchMethodError'{0x000000070faefca0}: 'java.lang.Object java.lang.invoke.DirectMethodHandle$Holder.newInvokeSpecial(java.lang.Object, java.lang.Object, java.lang.Object, java.lang.Object, java.lang.Object)'> (0x000000070faefca0) 
thrown [open/src/hotspot/share/interpreter/linkResolver.cpp, line 766]
Event: 0.248 Thread 0x000000015680ae00 Exception <a 'java/lang/NoSuchMethodError'{0x000000070fb214e0}: 'java.lang.Object java.lang.invoke.DirectMethodHandle$Holder.invokeStatic(java.lang.Object, int, java.lang.Object)'> (0x000000070fb214e0) 
thrown [open/src/hotspot/share/interpreter/linkResolver.cpp, line 766]
Event: 0.250 Thread 0x000000015680ae00 Exception <a 'java/lang/ClassNotFoundException'{0x000000070fb53608}: com/apple/laf/resources/spi/aquaProvider> (0x000000070fb53608) 
thrown [open/src/hotspot/share/classfile/systemDictionary.cpp, line 255]
Event: 0.259 Thread 0x000000015680ae00 Exception <a 'java/lang/ClassNotFoundException'{0x000000070fbc8dd0}: com/sun/swing/internal/plaf/basic/resources/spi/basicProvider> (0x000000070fbc8dd0) 
thrown [open/src/hotspot/share/classfile/systemDictionary.cpp, line 255]
Event: 0.263 Thread 0x000000015680ae00 Exception <a 'java/lang/NoSuchMethodError'{0x000000070fbece30}: 'int java.lang.invoke.Invokers$Holder.invokeExact_MT(java.lang.Object, java.lang.Object)'> (0x000000070fbece30) 
thrown [open/src/hotspot/share/interpreter/linkResolver.cpp, line 766]
Event: 0.279 Thread 0x000000015680ae00 Exception <a 'java/lang/NoSuchMethodError'{0x000000070f8ef478}: 'java.lang.Object java.lang.invoke.DirectMethodHandle$Holder.invokeSpecial(java.lang.Object, java.lang.Object, java.lang.Object, int, java.lang.Object)'> (0x000000070f8ef478) 
thrown [open/src/hotspot/share/interpreter/linkResolver.cpp, line 766]
Event: 0.282 Thread 0x000000015786d000 Exception <a 'java/lang/NoSuchMethodError'{0x000000070f962988}: 'java.lang.Object java.lang.invoke.DirectMethodHandle$Holder.newInvokeSpecial(java.lang.Object, java.lang.Object, java.lang.Object, int, int, int, int, int)'> (0x000000070f962988) 
thrown [open/src/hotspot/share/interpreter/linkResolver.cpp, line 766]
Event: 0.295 Thread 0x000000015680ae00 Exception <a 'java/lang/NoSuchMethodError'{0x000000070f933340}: 'void java.lang.invoke.Invokers$Holder.invokeExact_MT(java.lang.Object, java.lang.Object, java.lang.Object, java.lang.Object)'> (0x000000070f933340) 
thrown [open/src/hotspot/share/interpreter/linkResolver.cpp, line 766]
Event: 0.297 Thread 0x000000015680ae00 Exception <a 'java/lang/NoSuchMethodError'{0x000000070f93f2d0}: 'java.lang.Object java.lang.invoke.DirectMethodHandle$Holder.newInvokeSpecial(java.lang.Object, java.lang.Object, java.lang.Object, int, java.lang.Object)'> (0x000000070f93f2d0) 
thrown [open/src/hotspot/share/interpreter/linkResolver.cpp, line 766]
Event: 0.297 Thread 0x000000015680ae00 Exception <a 'java/lang/NoSuchMethodError'{0x000000070f946a08}: 'java.lang.Object java.lang.invoke.Invokers$Holder.linkToTargetMethod(java.lang.Object, java.lang.Object, int, java.lang.Object, java.lang.Object)'> (0x000000070f946a08) 
thrown [open/src/hotspot/share/interpreter/linkResolver.cpp, line 766]
Event: 0.308 Thread 0x000000015680ae00 Exception <a 'java/lang/NoSuchMethodError'{0x000000070f605408}: 'java.lang.Object java.lang.invoke.Invokers$Holder.linkToTargetMethod(int, int, int, int, java.lang.Object)'> (0x000000070f605408) 
thrown [open/src/hotspot/share/interpreter/linkResolver.cpp, line 766]
Event: 0.309 Thread 0x000000015680ae00 Exception <a 'java/lang/NoSuchMethodError'{0x000000070f608d00}: 'void java.lang.invoke.DirectMethodHandle$Holder.invokeStatic(java.lang.Object, java.lang.Object, long)'> (0x000000070f608d00) 
thrown [open/src/hotspot/share/interpreter/linkResolver.cpp, line 766]
Event: 0.313 Thread 0x00000001568fda00 Exception <a 'java/lang/NoSuchMethodError'{0x000000070fa4c780}: 'void java.lang.invoke.DirectMethodHandle$Holder.invokeSpecial(java.lang.Object, java.lang.Object, long)'> (0x000000070fa4c780) 
thrown [open/src/hotspot/share/interpreter/linkResolver.cpp, line 766]
Event: 0.593 Thread 0x000000015680ae00 Exception <a 'java/lang/NoSuchMethodError'{0x000000070f6eb4c8}: 'void java.lang.invoke.DirectMethodHandle$Holder.invokeStatic(java.lang.Object, long, long)'> (0x000000070f6eb4c8) 
thrown [open/src/hotspot/share/interpreter/linkResolver.cpp, line 766]
Event: 0.593 Thread 0x000000015680ae00 Exception <a 'java/lang/NoSuchMethodError'{0x000000070f6f0af0}: 'java.lang.Object java.lang.invoke.DirectMethodHandle$Holder.newInvokeSpecial(java.lang.Object, long)'> (0x000000070f6f0af0) 
thrown [open/src/hotspot/share/interpreter/linkResolver.cpp, line 766]
Event: 0.594 Thread 0x000000015680ae00 Exception <a 'java/lang/NoSuchMethodError'{0x000000070f6fad30}: 'java.lang.Object java.lang.invoke.DirectMethodHandle$Holder.newInvokeSpecial(java.lang.Object, java.lang.Object, int)'> (0x000000070f6fad30) 
thrown [open/src/hotspot/share/interpreter/linkResolver.cpp, line 766]

VM Operations (8 events):
Event: 0.021 Executing VM operation: HandshakeAllThreads
Event: 0.021 Executing VM operation: HandshakeAllThreads done
Event: 0.039 Executing VM operation: HandshakeAllThreads
Event: 0.039 Executing VM operation: HandshakeAllThreads done
Event: 0.065 Executing VM operation: HandshakeAllThreads
Event: 0.065 Executing VM operation: HandshakeAllThreads done
Event: 0.578 Executing VM operation: ICBufferFull
Event: 0.578 Executing VM operation: ICBufferFull done

Events (20 events):
Event: 0.048 Loaded shared library /Users/kohei/Library/Java/JavaVirtualMachines/openjdk-18.0.1.1/Contents/Home/lib/libawt.dylib
Event: 0.050 Loaded shared library /Users/kohei/Library/Java/JavaVirtualMachines/openjdk-18.0.1.1/Contents/Home/lib/libawt_lwawt.dylib
Event: 0.066 Loaded shared library /Users/kohei/Library/Java/JavaVirtualMachines/openjdk-18.0.1.1/Contents/Home/lib/libfontmanager.dylib
Event: 0.069 Protecting memory [0x000000016c6d0000,0x000000016c6dc000] with protection modes 0
Event: 0.069 Thread 0x00000001568fda00 Thread added: 0x00000001568fda00
Event: 0.116 Thread 0x000000015691c600 Thread added: 0x000000015691c600
Event: 0.116 Protecting memory [0x000000016f7e0000,0x000000016f7ec000] with protection modes 0
Event: 0.199 Thread 0x0000000137023800 Thread added: 0x0000000137023800
Event: 0.199 Protecting memory [0x000000016fa78000,0x000000016fa84000] with protection modes 0
Event: 0.224 Thread 0x0000000156972000 Thread added: 0x0000000156972000
Event: 0.224 Protecting memory [0x000000016fc84000,0x000000016fc90000] with protection modes 0
Event: 0.238 Loaded shared library /Users/kohei/Library/Java/JavaVirtualMachines/openjdk-18.0.1.1/Contents/Home/lib/libosxui.dylib
Event: 0.275 Thread 0x00000001560f4200 Thread added: 0x00000001560f4200
Event: 0.275 Protecting memory [0x0000000280004000,0x0000000280010000] with protection modes 0
Event: 0.281 Thread 0x000000015786d000 Thread added: 0x000000015786d000
Event: 0.281 Protecting memory [0x0000000280210000,0x000000028021c000] with protection modes 0
Event: 0.615 Protecting memory [0x000000016cf58000,0x000000016cf64000] with protection modes 3
Event: 0.615 Thread 0x000000015680ae00 Thread exited: 0x000000015680ae00
Event: 0.615 Protecting memory [0x000000016cf58000,0x000000016cf64000] with protection modes 0
Event: 0.615 Thread 0x00000001560af600 Thread added: 0x00000001560af600


Dynamic libraries:
0x0000000103068000 	/Users/kohei/Library/Java/JavaVirtualMachines/openjdk-18.0.1.1/Contents/Home/lib/libjli.dylib
0x00000001bc6b2000 	/usr/lib/libz.1.dylib
0x00000001bc769000 	/usr/lib/libSystem.B.dylib
0x00000001bc763000 	/usr/lib/system/libcache.dylib
0x00000001bc721000 	/usr/lib/system/libcommonCrypto.dylib
0x00000001bc74a000 	/usr/lib/system/libcompiler_rt.dylib
0x00000001bc741000 	/usr/lib/system/libcopyfile.dylib
0x00000001b198f000 	/usr/lib/system/libcorecrypto.dylib
0x00000001b1a44000 	/usr/lib/system/libdispatch.dylib
0x00000001b1c12000 	/usr/lib/system/libdyld.dylib
0x00000001bc759000 	/usr/lib/system/libkeymgr.dylib
0x00000001bc6fc000 	/usr/lib/system/libmacho.dylib
0x00000001bbdec000 	/usr/lib/system/libquarantine.dylib
0x00000001bc756000 	/usr/lib/system/libremovefile.dylib
0x00000001b6d88000 	/usr/lib/system/libsystem_asl.dylib
0x00000001b1931000 	/usr/lib/system/libsystem_blocks.dylib
0x00000001b1acc000 	/usr/lib/system/libsystem_c.dylib
0x00000001bc74e000 	/usr/lib/system/libsystem_collections.dylib
0x00000001bb281000 	/usr/lib/system/libsystem_configuration.dylib
0x00000001ba4dd000 	/usr/lib/system/libsystem_containermanager.dylib
0x00000001bc459000 	/usr/lib/system/libsystem_coreservices.dylib
0x00000001b4342000 	/usr/lib/system/libsystem_darwin.dylib
0x00000001bc75a000 	/usr/lib/system/libsystem_dnssd.dylib
0x00000001b1ac9000 	/usr/lib/system/libsystem_featureflags.dylib
0x00000001b1c27000 	/usr/lib/system/libsystem_info.dylib
0x00000001bc6c4000 	/usr/lib/system/libsystem_m.dylib
0x00000001b1a19000 	/usr/lib/system/libsystem_malloc.dylib
0x00000001b6d16000 	/usr/lib/system/libsystem_networkextension.dylib
0x00000001b479b000 	/usr/lib/system/libsystem_notify.dylib
0x00000001c2abc000 	/usr/lib/system/libsystem_product_info_filter.dylib
0x00000001bb286000 	/usr/lib/system/libsystem_sandbox.dylib
0x00000001bc753000 	/usr/lib/system/libsystem_secinit.dylib
0x00000001b1bcd000 	/usr/lib/system/libsystem_kernel.dylib
0x00000001b1c1f000 	/usr/lib/system/libsystem_platform.dylib
0x00000001b1c05000 	/usr/lib/system/libsystem_pthread.dylib
0x00000001b84e8000 	/usr/lib/system/libsystem_symptoms.dylib
0x00000001b1975000 	/usr/lib/system/libsystem_trace.dylib
0x00000001bc72e000 	/usr/lib/system/libunwind.dylib
0x00000001b1933000 	/usr/lib/system/libxpc.dylib
0x00000001b1bb5000 	/usr/lib/libc++abi.dylib
0x00000001b1a8b000 	/usr/lib/libobjc.A.dylib
0x00000001bc739000 	/usr/lib/liboah.dylib
0x00000001b1b4e000 	/usr/lib/libc++.1.dylib
0x00000001c85e2000 	/System/Library/Frameworks/Cocoa.framework/Versions/A/Cocoa
0x00000001b47fc000 	/System/Library/Frameworks/AppKit.framework/Versions/C/AppKit
0x00000001b7d0f000 	/System/Library/Frameworks/CoreData.framework/Versions/A/CoreData
0x00000001b2b57000 	/System/Library/Frameworks/Foundation.framework/Versions/C/Foundation
0x00000001b56b4000 	/System/Library/PrivateFrameworks/UIFoundation.framework/Versions/A/UIFoundation
0x00000001c27b6000 	/System/Library/PrivateFrameworks/RemoteViewServices.framework/Versions/A/RemoteViewServices
0x00000001bac29000 	/System/Library/PrivateFrameworks/XCTTargetBootstrap.framework/Versions/A/XCTTargetBootstrap
0x00000001be4a9000 	/System/Library/PrivateFrameworks/InternationalSupport.framework/Versions/A/InternationalSupport
0x00000001be532000 	/System/Library/PrivateFrameworks/UserActivity.framework/Versions/A/UserActivity
0x00000001bd9a0000 	/usr/lib/libspindump.dylib
0x00000001b5925000 	/System/Library/Frameworks/UniformTypeIdentifiers.framework/Versions/A/UniformTypeIdentifiers
0x00000001b9173000 	/usr/lib/libapp_launch_measurement.dylib
0x00000001b869a000 	/System/Library/PrivateFrameworks/CoreAnalytics.framework/Versions/A/CoreAnalytics
0x00000001b9176000 	/System/Library/PrivateFrameworks/CoreAutoLayout.framework/Versions/A/CoreAutoLayout
0x00000001ba51a000 	/System/Library/Frameworks/Metal.framework/Versions/A/Metal
0x00000001bb291000 	/usr/lib/liblangid.dylib
0x00000001bac2e000 	/System/Library/PrivateFrameworks/CoreSVG.framework/Versions/A/CoreSVG
0x00000001b6dbc000 	/System/Library/PrivateFrameworks/SkyLight.framework/Versions/A/SkyLight
0x00000001b7195000 	/System/Library/Frameworks/CoreGraphics.framework/Versions/A/CoreGraphics
0x00000001c2e82000 	/System/Library/Frameworks/Accelerate.framework/Versions/A/Accelerate
0x00000001bd417000 	/System/Library/PrivateFrameworks/IconServices.framework/Versions/A/IconServices
0x00000001ba4fc000 	/System/Library/Frameworks/IOSurface.framework/Versions/A/IOSurface
0x00000001b86cb000 	/usr/lib/libDiagnosticMessagesClient.dylib
0x00000001c6383000 	/System/Library/Frameworks/ApplicationServices.framework/Versions/A/ApplicationServices
0x00000001bac11000 	/System/Library/PrivateFrameworks/DFRFoundation.framework/Versions/A/DFRFoundation
0x00000001b408c000 	/usr/lib/libicucore.A.dylib
0x00000001bf356000 	/System/Library/Frameworks/AudioToolbox.framework/Versions/A/AudioToolbox
0x00000001be4b5000 	/System/Library/PrivateFrameworks/DataDetectorsCore.framework/Versions/A/DataDetectorsCore
0x00000001d4eaf000 	/System/Library/PrivateFrameworks/TextInput.framework/Versions/A/TextInput
0x00000001b6d31000 	/usr/lib/libMobileGestalt.dylib
0x00000001ba8dd000 	/System/Library/Frameworks/Carbon.framework/Versions/A/Frameworks/HIToolbox.framework/Versions/A/HIToolbox
0x00000001b8b4b000 	/System/Library/Frameworks/QuartzCore.framework/Versions/A/QuartzCore
0x00000001b3d0d000 	/System/Library/Frameworks/Security.framework/Versions/A/Security
0x00000001c27f6000 	/System/Library/Frameworks/Carbon.framework/Versions/A/Frameworks/SpeechRecognition.framework/Versions/A/SpeechRecognition
0x00000001b8ec9000 	/System/Library/PrivateFrameworks/CoreUI.framework/Versions/A/CoreUI
0x00000001b35e9000 	/System/Library/Frameworks/CoreAudio.framework/Versions/A/CoreAudio
0x00000001b87bf000 	/System/Library/Frameworks/DiskArbitration.framework/Versions/A/DiskArbitration
0x00000001bddaa000 	/System/Library/PrivateFrameworks/MultitouchSupport.framework/Versions/A/MultitouchSupport
0x00000001b6d2f000 	/usr/lib/libenergytrace.dylib
0x00000001b46c4000 	/System/Library/Frameworks/IOKit.framework/Versions/A/IOKit
0x00000001c2be5000 	/System/Library/Frameworks/CoreServices.framework/Versions/A/CoreServices
0x00000001b9103000 	/System/Library/PrivateFrameworks/PerformanceAnalysis.framework/Versions/A/PerformanceAnalysis
0x00000002132e7000 	/System/Library/Frameworks/OpenGL.framework/Versions/A/OpenGL
0x00000001bbd04000 	/System/Library/PrivateFrameworks/MobileKeyBag.framework/Versions/A/MobileKeyBag
0x00000001b77a3000 	/System/Library/Frameworks/ColorSync.framework/Versions/A/ColorSync
0x00000001b1c54000 	/System/Library/Frameworks/CoreFoundation.framework/Versions/A/CoreFoundation
0x00000001baead000 	/System/Library/Frameworks/CoreImage.framework/Versions/A/CoreImage
0x00000001b340d000 	/System/Library/Frameworks/CoreText.framework/Versions/A/CoreText
0x00000001bac5e000 	/System/Library/Frameworks/ImageIO.framework/Versions/A/ImageIO
0x00000001bc76f000 	/System/Library/PrivateFrameworks/SoftLinking.framework/Versions/A/SoftLinking
0x00000001b91c1000 	/usr/lib/libxml2.2.dylib
0x00000001bca08000 	/usr/lib/libcompression.dylib
0x00000001be405000 	/System/Library/PrivateFrameworks/TextureIO.framework/Versions/A/TextureIO
0x00000001bd130000 	/usr/lib/libate.dylib
0x00000001bcff5000 	/usr/lib/liblzma.5.dylib
0x00000001b284a000 	/System/Library/Frameworks/SystemConfiguration.framework/Versions/A/SystemConfiguration
0x00000001bc76b000 	/usr/lib/libfakelink.dylib
0x00000001b6861000 	/System/Library/Frameworks/CFNetwork.framework/Versions/A/CFNetwork
0x00000001bc8b1000 	/usr/lib/libarchive.2.dylib
0x00000001bb28d000 	/System/Library/PrivateFrameworks/AppleSystemInfo.framework/Versions/A/AppleSystemInfo
0x00000001bbe17000 	/usr/lib/libbsm.0.dylib
0x00000001b5dce000 	/usr/lib/libnetwork.dylib
0x00000001bc705000 	/usr/lib/system/libkxld.dylib
0x00000001bba31000 	/System/Library/PrivateFrameworks/IOMobileFramebuffer.framework/Versions/A/IOMobileFramebuffer
0x0000000230fb0000 	/usr/lib/libCoreEntitlements.dylib
0x00000001bc43b000 	/System/Library/PrivateFrameworks/AppleFSCompression.framework/Versions/A/AppleFSCompression
0x00000001bbdff000 	/usr/lib/libcoretls.dylib
0x00000001bd00e000 	/usr/lib/libcoretls_cfhelpers.dylib
0x00000001bca03000 	/usr/lib/libpam.2.dylib
0x00000001b80ff000 	/usr/lib/libsqlite3.dylib
0x00000001bd077000 	/usr/lib/libxar.1.dylib
0x00000001bc44c000 	/usr/lib/libbz2.1.0.dylib
0x00000001bc770000 	/usr/lib/libpcap.A.dylib
0x00000001b84df000 	/usr/lib/libdns_services.dylib
0x00000001bc9d6000 	/usr/lib/libapple_nghttp2.dylib
0x00000001bc7ad000 	/usr/lib/libiconv.2.dylib
0x00000001bc6fb000 	/usr/lib/libcharset.1.dylib
0x00000001b913f000 	/System/Library/Frameworks/CoreServices.framework/Versions/A/Frameworks/FSEvents.framework/Versions/A/FSEvents
0x00000001b434d000 	/System/Library/Frameworks/CoreServices.framework/Versions/A/Frameworks/CarbonCore.framework/Versions/A/CarbonCore
0x00000001b871f000 	/System/Library/Frameworks/CoreServices.framework/Versions/A/Frameworks/Metadata.framework/Versions/A/Metadata
0x00000001bc45f000 	/System/Library/Frameworks/CoreServices.framework/Versions/A/Frameworks/OSServices.framework/Versions/A/OSServices
0x00000001bc937000 	/System/Library/Frameworks/CoreServices.framework/Versions/A/Frameworks/SearchKit.framework/Versions/A/SearchKit
0x00000001b846e000 	/System/Library/Frameworks/CoreServices.framework/Versions/A/Frameworks/AE.framework/Versions/A/AE
0x00000001b219b000 	/System/Library/Frameworks/CoreServices.framework/Versions/A/Frameworks/LaunchServices.framework/Versions/A/LaunchServices
0x00000001bcf9e000 	/System/Library/Frameworks/CoreServices.framework/Versions/A/Frameworks/DictionaryServices.framework/Versions/A/DictionaryServices
0x00000001b914c000 	/System/Library/Frameworks/CoreServices.framework/Versions/A/Frameworks/SharedFileList.framework/Versions/A/SharedFileList
0x00000001bbdef000 	/usr/lib/libCheckFix.dylib
0x00000001b6da0000 	/System/Library/PrivateFrameworks/TCC.framework/Versions/A/TCC
0x00000001bb293000 	/System/Library/PrivateFrameworks/CoreNLP.framework/Versions/A/CoreNLP
0x00000001b86ce000 	/System/Library/PrivateFrameworks/MetadataUtilities.framework/Versions/A/MetadataUtilities
0x00000001b2904000 	/usr/lib/libmecabra.dylib
0x00000001bbe28000 	/usr/lib/libmecab.dylib
0x00000001b28d0000 	/usr/lib/libCRFSuite.dylib
0x00000001bbe85000 	/usr/lib/libgermantok.dylib
0x00000001bc9af000 	/usr/lib/libThaiTokenizer.dylib
0x00000001b87c7000 	/System/Library/Frameworks/Accelerate.framework/Versions/A/Frameworks/vImage.framework/Versions/A/vImage
0x00000001c2bbc000 	/System/Library/Frameworks/Accelerate.framework/Versions/A/Frameworks/vecLib.framework/Versions/A/vecLib
0x00000001bd0bc000 	/System/Library/Frameworks/Accelerate.framework/Versions/A/Frameworks/vecLib.framework/Versions/A/libvMisc.dylib
0x00000001bb938000 	/System/Library/Frameworks/Accelerate.framework/Versions/A/Frameworks/vecLib.framework/Versions/A/libvDSP.dylib
0x00000001b2525000 	/System/Library/Frameworks/Accelerate.framework/Versions/A/Frameworks/vecLib.framework/Versions/A/libBLAS.dylib
0x00000001bcad9000 	/System/Library/Frameworks/Accelerate.framework/Versions/A/Frameworks/vecLib.framework/Versions/A/libLAPACK.dylib
0x00000001bbe88000 	/System/Library/Frameworks/Accelerate.framework/Versions/A/Frameworks/vecLib.framework/Versions/A/libLinearAlgebra.dylib
0x00000001bc9ee000 	/System/Library/Frameworks/Accelerate.framework/Versions/A/Frameworks/vecLib.framework/Versions/A/libSparseBLAS.dylib
0x00000001bcad4000 	/System/Library/Frameworks/Accelerate.framework/Versions/A/Frameworks/vecLib.framework/Versions/A/libQuadrature.dylib
0x00000001bb38c000 	/System/Library/Frameworks/Accelerate.framework/Versions/A/Frameworks/vecLib.framework/Versions/A/libBNNS.dylib
0x00000001b27e3000 	/System/Library/Frameworks/Accelerate.framework/Versions/A/Frameworks/vecLib.framework/Versions/A/libSparse.dylib
0x00000001bb384000 	/System/Library/PrivateFrameworks/LinguisticData.framework/Versions/A/LinguisticData
0x00000001b279b000 	/System/Library/PrivateFrameworks/Lexicon.framework/Versions/A/Lexicon
0x00000001bd0b4000 	/usr/lib/libChineseTokenizer.dylib
0x00000001b2f49000 	/System/Library/PrivateFrameworks/LanguageModeling.framework/Versions/A/LanguageModeling
0x00000001bc9b1000 	/System/Library/PrivateFrameworks/AppleSauce.framework/Versions/A/AppleSauce
0x00000001bba1e000 	/System/Library/PrivateFrameworks/CoreEmoji.framework/Versions/A/CoreEmoji
0x00000001bc89f000 	/usr/lib/libcmph.dylib
0x00000001b911f000 	/System/Library/Frameworks/OpenDirectory.framework/Versions/A/Frameworks/CFOpenDirectory.framework/Versions/A/CFOpenDirectory
0x00000001b910f000 	/System/Library/Frameworks/OpenDirectory.framework/Versions/A/OpenDirectory
0x00000001bd010000 	/System/Library/PrivateFrameworks/APFS.framework/Versions/A/APFS
0x00000001bbd3f000 	/System/Library/Frameworks/SecurityFoundation.framework/Versions/A/SecurityFoundation
0x00000001bd086000 	/usr/lib/libutil.dylib
0x00000001b4686000 	/System/Library/PrivateFrameworks/CoreServicesStore.framework/Versions/A/CoreServicesStore
0x00000001bd08a000 	/usr/lib/libxslt.1.dylib
0x00000001bbdd3000 	/System/Library/PrivateFrameworks/BackgroundTaskManagement.framework/Versions/A/BackgroundTaskManagement
0x00000001be326000 	/System/Library/Frameworks/ImageIO.framework/Versions/A/Resources/libRadiance.dylib
0x00000001be32f000 	/System/Library/Frameworks/ImageIO.framework/Versions/A/Resources/libJPEG.dylib
0x00000001be282000 	/System/Library/Frameworks/ImageIO.framework/Versions/A/Resources/libPng.dylib
0x00000001be2a4000 	/System/Library/Frameworks/ImageIO.framework/Versions/A/Resources/libTIFF.dylib
0x00000001be38a000 	/System/Library/Frameworks/ImageIO.framework/Versions/A/Resources/libGIF.dylib
0x00000001bdcba000 	/System/Library/Frameworks/ImageIO.framework/Versions/A/Resources/libJP2.dylib
0x00000001bd3dc000 	/usr/lib/libexpat.1.dylib
0x00000001bdc75000 	/System/Library/PrivateFrameworks/AppleJPEG.framework/Versions/A/AppleJPEG
0x00000001ba799000 	/System/Library/PrivateFrameworks/FontServices.framework/libFontParser.dylib
0x00000001b8413000 	/System/Library/PrivateFrameworks/RunningBoardServices.framework/Versions/A/RunningBoardServices
0x00000001c8cb8000 	/System/Library/PrivateFrameworks/IOSurfaceAccelerator.framework/Versions/A/IOSurfaceAccelerator
0x00000001bdda6000 	/System/Library/PrivateFrameworks/WatchdogClient.framework/Versions/A/WatchdogClient
0x00000001b3049000 	/System/Library/Frameworks/CoreDisplay.framework/Versions/A/CoreDisplay
0x00000001ba683000 	/System/Library/Frameworks/CoreMedia.framework/Versions/A/CoreMedia
0x00000001ba510000 	/System/Library/PrivateFrameworks/IOAccelerator.framework/Versions/A/IOAccelerator
0x00000001b92af000 	/System/Library/Frameworks/CoreVideo.framework/Versions/A/CoreVideo
0x00000001bca01000 	/System/Library/Frameworks/MetalPerformanceShaders.framework/Versions/A/MetalPerformanceShaders
0x00000001bdde5000 	/System/Library/Frameworks/VideoToolbox.framework/Versions/A/VideoToolbox
0x00000001b8357000 	/System/Library/PrivateFrameworks/BaseBoard.framework/Versions/A/BaseBoard
0x00000001b80e5000 	/System/Library/PrivateFrameworks/ProtocolBuffer.framework/Versions/A/ProtocolBuffer
0x00000001be321000 	/System/Library/PrivateFrameworks/GPUWrangler.framework/Versions/A/GPUWrangler
0x00000001be301000 	/System/Library/PrivateFrameworks/IOPresentment.framework/Versions/A/IOPresentment
0x00000001be329000 	/System/Library/PrivateFrameworks/DSExternalDisplay.framework/Versions/A/DSExternalDisplay
0x00000002132da000 	/System/Library/Frameworks/OpenGL.framework/Versions/A/Libraries/libCoreFSCache.dylib
0x000000021daa0000 	/System/Library/PrivateFrameworks/GPUCompiler.framework/Versions/31001/Libraries/libGPUCompilerUtils.dylib
0x00000001be38f000 	/System/Library/PrivateFrameworks/CMCaptureCore.framework/Versions/A/CMCaptureCore
0x00000001bd98d000 	/System/Library/PrivateFrameworks/AppServerSupport.framework/Versions/A/AppServerSupport
0x00000001bfc13000 	/System/Library/PrivateFrameworks/perfdata.framework/Versions/A/perfdata
0x00000001b3169000 	/System/Library/PrivateFrameworks/AudioToolboxCore.framework/Versions/A/AudioToolboxCore
0x00000001ba65c000 	/System/Library/PrivateFrameworks/caulk.framework/Versions/A/caulk
0x00000001bf508000 	/usr/lib/libAudioStatistics.dylib
0x00000001d1507000 	/System/Library/PrivateFrameworks/SystemPolicy.framework/Versions/A/SystemPolicy
0x00000001bf774000 	/usr/lib/libSMC.dylib
0x00000001c84c0000 	/System/Library/Frameworks/CoreMIDI.framework/Versions/A/CoreMIDI
0x00000001be250000 	/usr/lib/libAudioToolboxUtility.dylib
0x00000001cd677000 	/System/Library/PrivateFrameworks/OSAServicesClient.framework/Versions/A/OSAServicesClient
0x00000001bfc20000 	/usr/lib/libperfcheck.dylib
0x00000001d2023000 	/usr/lib/libmis.dylib
0x000000021333c000 	/System/Library/Frameworks/OpenGL.framework/Versions/A/Libraries/libGLU.dylib
0x00000002132fb000 	/System/Library/Frameworks/OpenGL.framework/Versions/A/Libraries/libGFXShared.dylib
0x00000002134e8000 	/System/Library/Frameworks/OpenGL.framework/Versions/A/Libraries/libGL.dylib
0x0000000213304000 	/System/Library/Frameworks/OpenGL.framework/Versions/A/Libraries/libGLImage.dylib
0x00000002132f8000 	/System/Library/Frameworks/OpenGL.framework/Versions/A/Libraries/libCVMSPluginSupport.dylib
0x00000002132e1000 	/System/Library/Frameworks/OpenGL.framework/Versions/A/Libraries/libCoreVMClient.dylib
0x00000001bb20d000 	/System/Library/Frameworks/MetalPerformanceShaders.framework/Versions/A/Frameworks/MPSCore.framework/Versions/A/MPSCore
0x00000001bc3ae000 	/System/Library/Frameworks/MetalPerformanceShaders.framework/Versions/A/Frameworks/MPSImage.framework/Versions/A/MPSImage
0x00000001bbe9d000 	/System/Library/Frameworks/MetalPerformanceShaders.framework/Versions/A/Frameworks/MPSNeuralNetwork.framework/Versions/A/MPSNeuralNetwork
0x00000001bc2d6000 	/System/Library/Frameworks/MetalPerformanceShaders.framework/Versions/A/Frameworks/MPSMatrix.framework/Versions/A/MPSMatrix
0x00000001bc0af000 	/System/Library/Frameworks/MetalPerformanceShaders.framework/Versions/A/Frameworks/MPSRayIntersector.framework/Versions/A/MPSRayIntersector
0x00000001bc307000 	/System/Library/Frameworks/MetalPerformanceShaders.framework/Versions/A/Frameworks/MPSNDArray.framework/Versions/A/MPSNDArray
0x0000000215703000 	/System/Library/Frameworks/MetalPerformanceShaders.framework/Versions/A/Frameworks/MPSFunctions.framework/Versions/A/MPSFunctions
0x00000001b23fc000 	/System/Library/PrivateFrameworks/MetalTools.framework/Versions/A/MetalTools
0x00000001bb28b000 	/System/Library/PrivateFrameworks/AggregateDictionary.framework/Versions/A/AggregateDictionary
0x00000001bd1c1000 	/usr/lib/libIOReport.dylib
0x00000001c74dd000 	/System/Library/PrivateFrameworks/ASEProcessing.framework/Versions/A/ASEProcessing
0x00000001bd536000 	/System/Library/PrivateFrameworks/FaceCore.framework/Versions/A/FaceCore
0x00000001bd528000 	/System/Library/PrivateFrameworks/GraphVisualizer.framework/Versions/A/GraphVisualizer
0x000000021d9b7000 	/System/Library/PrivateFrameworks/FontServices.framework/Versions/A/FontServices
0x00000001bd949000 	/System/Library/PrivateFrameworks/OTSVG.framework/Versions/A/OTSVG
0x00000001b8e79000 	/System/Library/Frameworks/ApplicationServices.framework/Versions/A/Frameworks/ATS.framework/Versions/A/Resources/libFontRegistry.dylib
0x00000001bd996000 	/System/Library/PrivateFrameworks/FontServices.framework/libhvf.dylib
0x000000021d9b8000 	/System/Library/PrivateFrameworks/FontServices.framework/libXTFontStaticRegistryData.dylib
0x0000000213689000 	/System/Library/Frameworks/OpenCL.framework/Versions/A/OpenCL
0x00000001bd390000 	/System/Library/PrivateFrameworks/AppleVA.framework/Versions/A/AppleVA
0x00000001bf530000 	/System/Library/Frameworks/ApplicationServices.framework/Versions/A/Frameworks/ATS.framework/Versions/A/ATS
0x00000001b78a2000 	/System/Library/Frameworks/ApplicationServices.framework/Versions/A/Frameworks/HIServices.framework/Versions/A/HIServices
0x00000001be399000 	/System/Library/Frameworks/ApplicationServices.framework/Versions/A/Frameworks/PrintCore.framework/Versions/A/PrintCore
0x00000001bf8c7000 	/System/Library/Frameworks/ApplicationServices.framework/Versions/A/Frameworks/QD.framework/Versions/A/QD
0x00000001bf8bf000 	/System/Library/Frameworks/ApplicationServices.framework/Versions/A/Frameworks/ColorSyncLegacy.framework/Versions/A/ColorSyncLegacy
0x00000001bf51c000 	/System/Library/Frameworks/ApplicationServices.framework/Versions/A/Frameworks/SpeechSynthesis.framework/Versions/A/SpeechSynthesis
0x00000001be35a000 	/System/Library/Frameworks/ApplicationServices.framework/Versions/A/Frameworks/ATSUI.framework/Versions/A/ATSUI
0x00000001bf854000 	/usr/lib/libcups.2.dylib
0x00000001bfc2e000 	/System/Library/Frameworks/Kerberos.framework/Versions/A/Kerberos
0x00000001bfc3f000 	/System/Library/Frameworks/GSS.framework/Versions/A/GSS
0x00000001bf5a0000 	/usr/lib/libresolv.9.dylib
0x00000001bd9a5000 	/System/Library/PrivateFrameworks/Heimdal.framework/Versions/A/Heimdal
0x00000001c6713000 	/System/Library/Frameworks/Kerberos.framework/Versions/A/Libraries/libHeimdalProxy.dylib
0x00000001b84f1000 	/System/Library/Frameworks/Network.framework/Versions/A/Network
0x00000001bd3f7000 	/usr/lib/libheimdal-asn1.dylib
0x00000001bfc8f000 	/System/Library/PrivateFrameworks/CommonAuth.framework/Versions/A/CommonAuth
0x00000001bf496000 	/System/Library/PrivateFrameworks/AudioSession.framework/Versions/A/AudioSession
0x00000001bd489000 	/System/Library/PrivateFrameworks/MediaExperience.framework/Versions/A/MediaExperience
0x00000001bf31c000 	/System/Library/PrivateFrameworks/AudioSession.framework/libSessionUtility.dylib
0x00000001bf8d3000 	/System/Library/PrivateFrameworks/AudioResourceArbitration.framework/Versions/A/AudioResourceArbitration
0x00000001c3a99000 	/System/Library/PrivateFrameworks/PowerLog.framework/Versions/A/PowerLog
0x00000001bd401000 	/System/Library/PrivateFrameworks/IconFoundation.framework/Versions/A/IconFoundation
0x00000001c27e2000 	/System/Library/PrivateFrameworks/SpeechRecognitionCore.framework/Versions/A/SpeechRecognitionCore
0x00000001f14e2000 	/System/Library/CoreServices/Encodings/libJapaneseConverter.dylib
0x00000001040f8000 	/Users/kohei/Library/Java/JavaVirtualMachines/openjdk-18.0.1.1/Contents/Home/lib/server/libjvm.dylib
0x0000000103190000 	/Users/kohei/Library/Java/JavaVirtualMachines/openjdk-18.0.1.1/Contents/Home/lib/libjimage.dylib
0x00000001031a4000 	/Users/kohei/Library/Java/JavaVirtualMachines/openjdk-18.0.1.1/Contents/Home/lib/libinstrument.dylib
0x00000001031f0000 	/Users/kohei/Library/Java/JavaVirtualMachines/openjdk-18.0.1.1/Contents/Home/lib/libjava.dylib
0x0000000103ca4000 	/Users/kohei/Library/Java/JavaVirtualMachines/openjdk-18.0.1.1/Contents/Home/lib/libzip.dylib
0x0000000103cbc000 	/Users/kohei/Library/Java/JavaVirtualMachines/openjdk-18.0.1.1/Contents/Home/lib/libnio.dylib
0x0000000103cdc000 	/Users/kohei/Library/Java/JavaVirtualMachines/openjdk-18.0.1.1/Contents/Home/lib/libnet.dylib
0x00000001031dc000 	/Users/kohei/Library/Java/JavaVirtualMachines/openjdk-18.0.1.1/Contents/Home/lib/libextnet.dylib
0x0000000103d80000 	/Users/kohei/Library/Java/JavaVirtualMachines/openjdk-18.0.1.1/Contents/Home/lib/libawt.dylib
0x0000000103e30000 	/Users/kohei/Library/Java/JavaVirtualMachines/openjdk-18.0.1.1/Contents/Home/lib/libmlib_image.dylib
0x0000000215669000 	/System/Library/Frameworks/JavaRuntimeSupport.framework/Versions/A/JavaRuntimeSupport
0x00000001d1007000 	/System/Library/Frameworks/Carbon.framework/Versions/A/Carbon
0x00000001c4a38000 	/System/Library/PrivateFrameworks/CoreSymbolication.framework/Versions/A/CoreSymbolication
0x00000001ca0f6000 	/System/Library/Frameworks/Carbon.framework/Versions/A/Frameworks/CommonPanels.framework/Versions/A/CommonPanels
0x00000001c60f8000 	/System/Library/Frameworks/Carbon.framework/Versions/A/Frameworks/Help.framework/Versions/A/Help
0x00000001ca0fa000 	/System/Library/Frameworks/Carbon.framework/Versions/A/Frameworks/ImageCapture.framework/Versions/A/ImageCapture
0x00000001ca0c6000 	/System/Library/Frameworks/Carbon.framework/Versions/A/Frameworks/OpenScripting.framework/Versions/A/OpenScripting
0x00000001ca0f2000 	/System/Library/Frameworks/Carbon.framework/Versions/A/Frameworks/Ink.framework/Versions/A/Ink
0x00000001d1003000 	/System/Library/Frameworks/Carbon.framework/Versions/A/Frameworks/Print.framework/Versions/A/Print
0x00000001ca0ee000 	/System/Library/Frameworks/Carbon.framework/Versions/A/Frameworks/SecurityHI.framework/Versions/A/SecurityHI
0x00000001c49f5000 	/System/Library/PrivateFrameworks/DebugSymbols.framework/Versions/A/DebugSymbols
0x0000000103fc0000 	/Users/kohei/Library/Java/JavaVirtualMachines/openjdk-18.0.1.1/Contents/Home/lib/libawt_lwawt.dylib
0x0000000103d2c000 	/Users/kohei/Library/Java/JavaVirtualMachines/openjdk-18.0.1.1/Contents/Home/lib/libosxapp.dylib
0x00000001d0261000 	/System/Library/Frameworks/ExceptionHandling.framework/Versions/A/ExceptionHandling
0x000000012c900000 	/Users/kohei/Library/Java/JavaVirtualMachines/openjdk-18.0.1.1/Contents/Home/lib/libfontmanager.dylib
0x0000000126940000 	/Users/kohei/Library/Java/JavaVirtualMachines/openjdk-18.0.1.1/Contents/Home/lib/libfreetype.dylib
0x00000001b4649000 	/System/Library/PrivateFrameworks/CoreServicesInternal.framework/Versions/A/CoreServicesInternal
0x00000001c3cf1000 	/System/Library/Frameworks/FileProvider.framework/Versions/A/FileProvider
0x00000001b82bf000 	/System/Library/Frameworks/Accounts.framework/Versions/A/Accounts
0x00000001c3e75000 	/System/Library/PrivateFrameworks/GenerationalStorage.framework/Versions/A/GenerationalStorage
0x00000001c3a8d000 	/System/Library/PrivateFrameworks/SymptomDiagnosticReporter.framework/Versions/A/SymptomDiagnosticReporter
0x00000001b5939000 	/System/Library/PrivateFrameworks/DesktopServicesPriv.framework/Versions/A/DesktopServicesPriv
0x00000001b47ab000 	/usr/lib/libsandbox.1.dylib
0x00000001b933d000 	/System/Library/PrivateFrameworks/UserManagement.framework/Versions/A/UserManagement
0x00000001bf8b2000 	/System/Library/PrivateFrameworks/NetAuth.framework/Versions/A/NetAuth
0x00000001c07d3000 	/System/Library/PrivateFrameworks/Sharing.framework/Versions/A/Sharing
0x00000001b930d000 	/System/Library/PrivateFrameworks/login.framework/Versions/A/Frameworks/loginsupport.framework/Versions/A/loginsupport
0x00000001c5c2a000 	/System/Library/PrivateFrameworks/Apple80211.framework/Versions/A/Apple80211
0x00000001bc492000 	/System/Library/PrivateFrameworks/AuthKit.framework/Versions/A/AuthKit
0x00000001bbb1a000 	/System/Library/PrivateFrameworks/CoreUtils.framework/Versions/A/CoreUtils
0x00000001bba3d000 	/System/Library/Frameworks/CoreWLAN.framework/Versions/A/CoreWLAN
0x00000001c0943000 	/System/Library/Frameworks/IOBluetooth.framework/Versions/A/IOBluetooth
0x00000001c5c8a000 	/System/Library/PrivateFrameworks/CoreWiFi.framework/Versions/A/CoreWiFi
0x00000001c45d5000 	/System/Library/PrivateFrameworks/FrontBoardServices.framework/Versions/A/FrontBoardServices
0x00000001c466d000 	/System/Library/PrivateFrameworks/BoardServices.framework/Versions/A/BoardServices
0x00000001bbd2d000 	/System/Library/PrivateFrameworks/AssertionServices.framework/Versions/A/AssertionServices
0x00000001c5e07000 	/System/Library/PrivateFrameworks/BackBoardServices.framework/Versions/A/BackBoardServices
0x00000001bfd26000 	/System/Library/PrivateFrameworks/CorePhoneNumbers.framework/Versions/A/CorePhoneNumbers
0x00000001bf5cd000 	/System/Library/PrivateFrameworks/MultiverseSupport.framework/Versions/A/MultiverseSupport
0x00000001c6088000 	/System/Library/PrivateFrameworks/RemoteServiceDiscovery.framework/Versions/A/RemoteServiceDiscovery
0x00000001c3bbd000 	/System/Library/PrivateFrameworks/DiskManagement.framework/Versions/A/DiskManagement
0x00000001c3ac0000 	/System/Library/PrivateFrameworks/AppleIDAuthSupport.framework/Versions/A/AppleIDAuthSupport
0x0000000217f3f000 	/System/Library/PrivateFrameworks/AAAFoundation.framework/Versions/A/AAAFoundation
0x00000001bfd05000 	/System/Library/PrivateFrameworks/KeychainCircle.framework/Versions/A/KeychainCircle
0x00000001c6098000 	/System/Library/PrivateFrameworks/RemoteXPC.framework/Versions/A/RemoteXPC
0x00000001c3b89000 	/System/Library/PrivateFrameworks/MediaKit.framework/Versions/A/MediaKit
0x00000001c3acd000 	/System/Library/Frameworks/DiscRecording.framework/Versions/A/DiscRecording
0x00000001bd30c000 	/usr/lib/libCoreStorage.dylib
0x00000001c6104000 	/usr/lib/libcsfde.dylib
0x00000001c0a18000 	/System/Library/PrivateFrameworks/ProtectedCloudStorage.framework/Versions/A/ProtectedCloudStorage
0x00000001c60fc000 	/System/Library/PrivateFrameworks/EFILogin.framework/Versions/A/EFILogin
0x00000001c3e9c000 	/System/Library/PrivateFrameworks/OctagonTrust.framework/Versions/A/OctagonTrust
0x000000021cb3e000 	/System/Library/PrivateFrameworks/CoreUtilsExtras.framework/Versions/A/CoreUtilsExtras
0x00000001c39f2000 	/System/Library/Frameworks/CoreBluetooth.framework/Versions/A/CoreBluetooth
0x00000001c6798000 	/System/Library/Frameworks/AudioUnit.framework/Versions/A/AudioUnit
0x00000001bd304000 	/usr/lib/libMatch.1.dylib
0x00000001d8d43000 	/System/Library/CoreServices/RawCamera.bundle/Contents/MacOS/RawCamera
0x00000001bfca0000 	/System/Library/PrivateFrameworks/MobileAsset.framework/Versions/A/MobileAsset
0x00000001c67c6000 	/System/Library/PrivateFrameworks/StreamingZip.framework/Versions/A/StreamingZip
0x0000000219c20000 	/System/Library/PrivateFrameworks/CMPhoto.framework/Versions/A/CMPhoto
0x00000001be5a0000 	/System/Library/Frameworks/MediaToolbox.framework/Versions/A/MediaToolbox
0x00000001c3cbd000 	/System/Library/PrivateFrameworks/CoreAVCHD.framework/Versions/A/CoreAVCHD
0x00000001c2ecd000 	/System/Library/Frameworks/MediaAccessibility.framework/Versions/A/MediaAccessibility
0x00000001c3cb9000 	/System/Library/PrivateFrameworks/Mangrove.framework/Versions/A/Mangrove
0x00000001c2eda000 	/System/Library/PrivateFrameworks/AlgosScoreFramework.framework/Versions/A/AlgosScoreFramework
0x00000001c3cad000 	/System/Library/PrivateFrameworks/CoreAUC.framework/Versions/A/CoreAUC
0x00000001d6525000 	/System/Library/Frameworks/Accelerate.framework/Versions/A/Frameworks/vImage.framework/Versions/A/Libraries/libCGInterfaces.dylib
0x0000000126ad0000 	/usr/lib/libobjc-trampolines.dylib
0x00000001b9007000 	/System/Library/PrivateFrameworks/ViewBridge.framework/Versions/A/ViewBridge
0x00000001bda68000 	/System/Library/PrivateFrameworks/login.framework/Versions/A/login
0x000000023110d000 	/usr/lib/libRosetta.dylib
0x00000002134f2000 	/System/Library/Frameworks/OpenGL.framework/Versions/A/Resources/GLEngine.bundle/GLEngine
0x000000021337a000 	/System/Library/Frameworks/OpenGL.framework/Versions/A/Libraries/libGLProgrammability.dylib
0x0000000140e80000 	/System/Library/Extensions/AppleMetalOpenGLRenderer.bundle/Contents/MacOS/AppleMetalOpenGLRenderer
0x0000000213661000 	/System/Library/Frameworks/OpenGL.framework/Versions/A/Resources/GLRendererFloat.bundle/GLRendererFloat
0x00000001f85b3000 	/System/Library/Extensions/AGXMetalG13X.bundle/Contents/MacOS/AGXMetalG13X
0x00000001d203f000 	/System/Library/PrivateFrameworks/GPURawCounter.framework/Versions/A/GPURawCounter
0x00000001cc7e0000 	/System/Library/PrivateFrameworks/IOGPU.framework/Versions/A/IOGPU
0x0000000140e48000 	/Users/kohei/Library/Java/JavaVirtualMachines/openjdk-18.0.1.1/Contents/Home/lib/libosxui.dylib
0x00000001f7590000 	/System/Library/CoreServices/Encodings/libTraditionalChineseConverter.dylib
0x00000001f75c7000 	/System/Library/CoreServices/Encodings/libSimplifiedChineseConverter.dylib
0x00000001f75a3000 	/System/Library/CoreServices/Encodings/libKoreanConverter.dylib


VM Arguments:
jvm_args: -javaagent:/Applications/IntelliJ IDEA.app/Contents/lib/idea_rt.jar=59950:/Applications/IntelliJ IDEA.app/Contents/bin -Dfile.encoding=UTF-8 
java_command: FoodGUI
java_class_path (initial): /Users/kohei/SynologyDrive/2022 /3 1//23/FoodGUI/out/production/FoodGUI:/Users/kohei/SynologyDrive/2022 /3 1//23/FoodGUI/lib/kotlin-stdlib.jar:/Users/kohei/SynologyDrive/2022 /3 1//23/FoodGUI/lib/kotlin-reflect.jar:/Users/kohei/SynologyDrive/2022 /3 1//23/FoodGUI/lib/kotlin-test.jar:/Users/kohei/SynologyDrive/2022 /3 1//23/FoodGUI/lib/kotlin-stdlib-jdk7.jar:/Users/kohei/SynologyDrive/2022 /3 1//23/FoodGUI/lib/kotlin-stdlib-jdk8.jar
Launcher Type: SUN_STANDARD

[Global flags]
     intx CICompilerCount                          = 4                                         {product} {ergonomic}
     uint ConcGCThreads                            = 2                                         {product} {ergonomic}
     uint G1ConcRefinementThreads                  = 8                                         {product} {ergonomic}
   size_t G1HeapRegionSize                         = 2097152                                   {product} {ergonomic}
    uintx GCDrainStackTargetSize                   = 64                                        {product} {ergonomic}
   size_t InitialHeapSize                          = 268435456                                 {product} {ergonomic}
   size_t MarkStackSize                            = 4194304                                   {product} {ergonomic}
   size_t MaxHeapSize                              = 4294967296                                {product} {ergonomic}
   size_t MaxNewSize                               = 2575302656                                {product} {ergonomic}
   size_t MinHeapDeltaBytes                        = 2097152                                   {product} {ergonomic}
   size_t MinHeapSize                              = 8388608                                   {product} {ergonomic}
    uintx NonNMethodCodeHeapSize                   = 5839564                                {pd product} {ergonomic}
    uintx NonProfiledCodeHeapSize                  = 122909338                              {pd product} {ergonomic}
    uintx ProfiledCodeHeapSize                     = 122909338                              {pd product} {ergonomic}
    uintx ReservedCodeCacheSize                    = 251658240                              {pd product} {ergonomic}
     bool SegmentedCodeCache                       = true                                      {product} {ergonomic}
   size_t SoftMaxHeapSize                          = 4294967296                             {manageable} {ergonomic}
     bool UseCompressedClassPointers               = true                           {product lp64_product} {ergonomic}
     bool UseCompressedOops                        = true                           {product lp64_product} {ergonomic}
     bool UseG1GC                                  = true                                      {product} {ergonomic}
     bool UseNUMA                                  = false                                     {product} {ergonomic}
     bool UseNUMAInterleaving                      = false                                     {product} {ergonomic}

Logging:
Log output configuration:
 #0: stdout all=warning uptime,level,tags foldmultilines=false
 #1: stderr all=off uptime,level,tags foldmultilines=false

Environment Variables:
PATH=/Users/kohei/Applications/payara5/bin:/opt/anaconda3/bin:/opt/anaconda3/condabin:/opt/homebrew/sbin:/opt/homebrew/Cellar/opencv@3/3.4.16/bin:/opt/homebrew/bin:/usr/local/bin:/usr/bin:/bin:/usr/local/sbin:/usr/sbin:/sbin:/usr/bin/python:/usr/local/bin/pyenv:/Library/Apple/usr/bin
SHELL=/bin/zsh
LC_CTYPE=ja_JP.UTF-8

Signal Handlers:
   SIGSEGV: _ZL13crash_handleriP9__siginfoPv in libjvm.dylib, mask=11100110000111110111111111111111, flags=SA_RESTART|SA_SIGINFO
    SIGBUS: _ZL13crash_handleriP9__siginfoPv in libjvm.dylib, mask=11100110000111110111111111111111, flags=SA_RESTART|SA_SIGINFO
    SIGFPE: _ZL13crash_handleriP9__siginfoPv in libjvm.dylib, mask=11100110000111110111111111111111, flags=SA_RESTART|SA_SIGINFO
   SIGPIPE: _ZL17javaSignalHandleriP9__siginfoPv in libjvm.dylib, mask=11100110000111110111111111111111, flags=SA_RESTART|SA_SIGINFO
   SIGXFSZ: _ZL17javaSignalHandleriP9__siginfoPv in libjvm.dylib, mask=11100110000111110111111111111111, flags=SA_RESTART|SA_SIGINFO
    SIGILL: _ZL13crash_handleriP9__siginfoPv in libjvm.dylib, mask=11100110000111110111111111111111, flags=SA_RESTART|SA_SIGINFO
   SIGUSR2: _ZL10SR_handleriP9__siginfoP17__darwin_ucontext in libjvm.dylib, mask=00100000000000000000000000000000, flags=SA_RESTART|SA_SIGINFO
    SIGHUP: _ZL11UserHandleriPvS_ in libjvm.dylib, mask=11100110000111110111111111111111, flags=SA_RESTART|SA_SIGINFO
    SIGINT: _ZL11UserHandleriPvS_ in libjvm.dylib, mask=11100110000111110111111111111111, flags=SA_RESTART|SA_SIGINFO
   SIGTERM: _ZL11UserHandleriPvS_ in libjvm.dylib, mask=11100110000111110111111111111111, flags=SA_RESTART|SA_SIGINFO
   SIGQUIT: _ZL11UserHandleriPvS_ in libjvm.dylib, mask=11100110000111110111111111111111, flags=SA_RESTART|SA_SIGINFO
   SIGTRAP: _ZL13crash_handleriP9__siginfoPv in libjvm.dylib, mask=11100110000111110111111111111111, flags=SA_RESTART|SA_SIGINFO


---------------  S Y S T E M  ---------------

OS:
uname: Darwin 21.5.0 Darwin Kernel Version 21.5.0: Tue Apr 26 21:08:37 PDT 2022; root:xnu-8020.121.3~4/RELEASE_ARM64_T6000 arm64
OS uptime: 16 days 2:00 hours
rlimit (soft/hard): STACK 8176k/65520k , CORE 0k/infinity , NPROC 2666/4000 , NOFILE 10240/infinity , AS infinity/infinity , CPU infinity/infinity , DATA infinity/infinity , FSIZE infinity/infinity , MEMLOCK infinity/infinity , RSS infinity/infinity
load average: 2.89 2.94 3.14

CPU: total 8 (initial active 8) 0x61:0x0:0x1b588bb3:0, fp, simd, aes, pmull, crc, lse

Memory: 16k page, physical 16777216k(135296k free), swap 1048576k(972288k free)

vm_info: OpenJDK 64-Bit Server VM (18.0.1.1+2-6) for bsd-aarch64 JRE (18.0.1.1+2-6), built on Apr 25 2022 20:45:35 by "mach5one" with clang Apple LLVM 12.0.0 (clang-1200.0.32.29)

END.
